=== eval ===
mycelium-transpile: 42 top-level item(s) (42 non-test) — 9 emitted, 40 gap(s) recorded, 21.4% expressible -> experiments/results/m1006-remeasure-post-g-beta/eval/eval.myc, experiments/results/m1006-remeasure-post-g-beta/eval/eval.gap.json
mycelium-transpile: --vet over 1 file(s) — checked_fraction 21.4% (9/42 items myc-check-clean, file-gated) vs expressible_fraction 21.4% (9/42 items emitted); 1/1 file(s) with emissions fully clean [Clean=1] -> experiments/results/m1006-remeasure-post-g-beta/eval/vet.json
=== fuse ===
mycelium-transpile: 12 top-level item(s) (12 non-test) — 0 emitted, 13 gap(s) recorded, 0.0% expressible -> experiments/results/m1006-remeasure-post-g-beta/fuse/fuse.myc, experiments/results/m1006-remeasure-post-g-beta/fuse/fuse.gap.json
mycelium-transpile: --vet over 1 file(s) — checked_fraction 0.0% (0/12 items myc-check-clean, file-gated) vs expressible_fraction 0.0% (0/12 items emitted); 0/0 file(s) with emissions fully clean [Clean=1] -> experiments/results/m1006-remeasure-post-g-beta/fuse/vet.json
=== time ===
mycelium-transpile: batch over 1 file(s) (0 failed to parse) — 38 top-level item(s) (37 non-test), 17 emitted, 66 gap(s), 45.9% expressible, 1 nodule(s) recorded in the remap manifest -> experiments/results/m1006-remeasure-post-g-beta/time/summary.json, experiments/results/m1006-remeasure-post-g-beta/time/REMAP.md, experiments/results/m1006-remeasure-post-g-beta/time/union.gap.json
mycelium-transpile: --vet over 1 file(s) — checked_fraction 45.9% (17/37 items myc-check-clean, file-gated) vs expressible_fraction 45.9% (17/37 items emitted); 1/1 file(s) with emissions fully clean [Clean=1] -> experiments/results/m1006-remeasure-post-g-beta/time/vet.json
mycelium-transpile: --vet --phylum: checked_fraction_phylum 45.9% (17/37 items, same denominator) vs checked_fraction (oracle) 45.9% -- Δ_basis = +0.0pp (a basis CORRECTION -- recovered false-fails, NOT lever progress, DN-124 §4; phylum ok: true)
=== rand ===
mycelium-transpile: batch over 1 file(s) (0 failed to parse) — 35 top-level item(s) (34 non-test), 6 emitted, 34 gap(s), 17.6% expressible, 1 nodule(s) recorded in the remap manifest -> experiments/results/m1006-remeasure-post-g-beta/rand/summary.json, experiments/results/m1006-remeasure-post-g-beta/rand/REMAP.md, experiments/results/m1006-remeasure-post-g-beta/rand/union.gap.json
mycelium-transpile: --vet over 1 file(s) — checked_fraction 17.6% (6/34 items myc-check-clean, file-gated) vs expressible_fraction 17.6% (6/34 items emitted); 1/1 file(s) with emissions fully clean [Clean=1] -> experiments/results/m1006-remeasure-post-g-beta/rand/vet.json
mycelium-transpile: --vet --phylum: checked_fraction_phylum 17.6% (6/34 items, same denominator) vs checked_fraction (oracle) 17.6% -- Δ_basis = +0.0pp (a basis CORRECTION -- recovered false-fails, NOT lever progress, DN-124 §4; phylum ok: true)
=== cmp ===
mycelium-transpile: batch over 1 file(s) (0 failed to parse) — 112 top-level item(s) (111 non-test), 14 emitted, 104 gap(s), 12.6% expressible, 1 nodule(s) recorded in the remap manifest -> experiments/results/m1006-remeasure-post-g-beta/cmp/summary.json, experiments/results/m1006-remeasure-post-g-beta/cmp/REMAP.md, experiments/results/m1006-remeasure-post-g-beta/cmp/union.gap.json
mycelium-transpile: --vet over 1 file(s) — checked_fraction 12.6% (14/111 items myc-check-clean, file-gated) vs expressible_fraction 12.6% (14/111 items emitted); 1/1 file(s) with emissions fully clean [Clean=1] -> experiments/results/m1006-remeasure-post-g-beta/cmp/vet.json
mycelium-transpile: --vet --phylum: checked_fraction_phylum 12.6% (14/111 items, same denominator) vs checked_fraction (oracle) 12.6% -- Δ_basis = +0.0pp (a basis CORRECTION -- recovered false-fails, NOT lever progress, DN-124 §4; phylum ok: true)
=== fs ===
mycelium-transpile: batch over 7 file(s) (0 failed to parse) — 60 top-level item(s) (47 non-test), 28 emitted, 92 gap(s), 59.6% expressible, 7 nodule(s) recorded in the remap manifest -> experiments/results/m1006-remeasure-post-g-beta/fs/summary.json, experiments/results/m1006-remeasure-post-g-beta/fs/REMAP.md, experiments/results/m1006-remeasure-post-g-beta/fs/union.gap.json
mycelium-transpile: --vet over 7 file(s) — checked_fraction 59.6% (28/47 items myc-check-clean, file-gated) vs expressible_fraction 59.6% (28/47 items emitted); 7/7 file(s) with emissions fully clean [Clean=7] -> experiments/results/m1006-remeasure-post-g-beta/fs/vet.json
mycelium-transpile: --vet --phylum: checked_fraction_phylum 59.6% (28/47 items, same denominator) vs checked_fraction (oracle) 59.6% -- Δ_basis = +0.0pp (a basis CORRECTION -- recovered false-fails, NOT lever progress, DN-124 §4; phylum ok: true)
=== io ===
mycelium-transpile: batch over 5 file(s) (0 failed to parse) — 68 top-level item(s) (59 non-test), 24 emitted, 80 gap(s), 40.7% expressible, 5 nodule(s) recorded in the remap manifest -> experiments/results/m1006-remeasure-post-g-beta/io/summary.json, experiments/results/m1006-remeasure-post-g-beta/io/REMAP.md, experiments/results/m1006-remeasure-post-g-beta/io/union.gap.json
mycelium-transpile: --vet over 5 file(s) — checked_fraction 40.7% (24/59 items myc-check-clean, file-gated) vs expressible_fraction 40.7% (24/59 items emitted); 5/5 file(s) with emissions fully clean [Clean=5] -> experiments/results/m1006-remeasure-post-g-beta/io/vet.json
mycelium-transpile: --vet --phylum: checked_fraction_phylum 40.7% (24/59 items, same denominator) vs checked_fraction (oracle) 40.7% -- Δ_basis = +0.0pp (a basis CORRECTION -- recovered false-fails, NOT lever progress, DN-124 §4; phylum ok: true)
=== DONE ===
